
  .   ____          _            __ _ _
 /\\ / ___'_ __ _ _(_)_ __  __ _ \ \ \ \
( ( )\___ | '_ | '_| | '_ \/ _` | \ \ \ \
 \\/  ___)| |_)| | | | | || (_| |  ) ) ) )
  '  |____| .__|_| |_|_| |_\__, | / / / /
 =========|_|==============|___/=/_/_/_/

 :: Spring Boot ::                (v3.3.2)

2026-03-07T15:32:44.161+05:30  INFO 23524 --- [phonepay] [           main] c.example.phonepay.PhonePayApplication   : Starting PhonePayApplication v0.0.1-SNAPSHOT using Java 17.0.12 with PID 23524 (C:\Users\ramya\IdeaProjects\phonepay\build\libs\phonepay-0.0.1-SNAPSHOT.jar started by ramya in C:\Users\ramya\IdeaProjects\phonepay)
2026-03-07T15:32:44.170+05:30  INFO 23524 --- [phonepay] [           main] c.example.phonepay.PhonePayApplication   : No active profile set, falling back to 1 default profile: "default"
2026-03-07T15:32:46.184+05:30  INFO 23524 --- [phonepay] [           main] .s.d.r.c.RepositoryConfigurationDelegate : Bootstrapping Spring Data JPA repositories in DEFAULT mode.
2026-03-07T15:32:46.291+05:30  INFO 23524 --- [phonepay] [           main] .s.d.r.c.RepositoryConfigurationDelegate : Finished Spring Data repository scanning in 90 ms. Found 2 JPA repository interfaces.
2026-03-07T15:32:47.728+05:30  INFO 23524 --- [phonepay] [           main] o.s.b.w.embedded.tomcat.TomcatWebServer  : Tomcat initialized with port 9091 (http)
2026-03-07T15:32:47.766+05:30  INFO 23524 --- [phonepay] [           main] o.apache.catalina.core.StandardService   : Starting service [Tomcat]
2026-03-07T15:32:47.766+05:30  INFO 23524 --- [phonepay] [           main] o.apache.catalina.core.StandardEngine    : Starting Servlet engine: [Apache Tomcat/10.1.26]
2026-03-07T15:32:47.836+05:30  INFO 23524 --- [phonepay] [           main] o.a.c.c.C.[Tomcat].[localhost].[/]       : Initializing Spring embedded WebApplicationContext
2026-03-07T15:32:47.838+05:30  INFO 23524 --- [phonepay] [           main] w.s.c.ServletWebServerApplicationContext : Root WebApplicationContext: initialization completed in 3488 ms
2026-03-07T15:32:47.898+05:30  INFO 23524 --- [phonepay] [           main] com.zaxxer.hikari.HikariDataSource       : HikariPool-1 - Starting...
2026-03-07T15:32:48.285+05:30  INFO 23524 --- [phonepay] [           main] com.zaxxer.hikari.pool.HikariPool        : HikariPool-1 - Added connection conn0: url=jdbc:h2:mem:phonepaydb user=SA
2026-03-07T15:32:48.291+05:30  INFO 23524 --- [phonepay] [           main] com.zaxxer.hikari.HikariDataSource       : HikariPool-1 - Start completed.
2026-03-07T15:32:48.315+05:30  INFO 23524 --- [phonepay] [           main] o.s.b.a.h2.H2ConsoleAutoConfiguration    : H2 console available at '/h2-console'. Database available at 'jdbc:h2:mem:phonepaydb'
2026-03-07T15:32:48.601+05:30  INFO 23524 --- [phonepay] [           main] o.hibernate.jpa.internal.util.LogHelper  : HHH000204: Processing PersistenceUnitInfo [name: default]
2026-03-07T15:32:48.725+05:30  INFO 23524 --- [phonepay] [           main] org.hibernate.Version                    : HHH000412: Hibernate ORM core version 6.5.2.Final
2026-03-07T15:32:48.797+05:30  INFO 23524 --- [phonepay] [           main] o.h.c.internal.RegionFactoryInitiator    : HHH000026: Second-level cache disabled
2026-03-07T15:32:49.491+05:30  INFO 23524 --- [phonepay] [           main] o.s.o.j.p.SpringPersistenceUnitInfo      : No LoadTimeWeaver setup: ignoring JPA class transformer
2026-03-07T15:32:50.779+05:30  INFO 23524 --- [phonepay] [           main] o.h.e.t.j.p.i.JtaPlatformInitiator       : HHH000489: No JTA platform available (set 'hibernate.transaction.jta.platform' to enable JTA platform integration)
Hibernate: create table transactions (id bigint generated by default as identity, amount numeric(19,2) not null, receiver varchar(255) not null, sender varchar(255) not null, status varchar(255) not null, timestamp timestamp(6) not null, primary key (id))
Hibernate: create table wallets (id bigint generated by default as identity, balance numeric(19,2) not null, email varchar(255), phone_number varchar(255), user_name varchar(255) not null, primary key (id))
Hibernate: alter table if exists wallets drop constraint if exists UKpijwtdt3kqqjp8dh6njbumfdu
Hibernate: alter table if exists wallets add constraint UKpijwtdt3kqqjp8dh6njbumfdu unique (user_name)
2026-03-07T15:32:50.853+05:30  INFO 23524 --- [phonepay] [           main] j.LocalContainerEntityManagerFactoryBean : Initialized JPA EntityManagerFactory for persistence unit 'default'
2026-03-07T15:32:51.784+05:30  WARN 23524 --- [phonepay] [           main] JpaBaseConfiguration$JpaWebConfiguration : spring.jpa.open-in-view is enabled by default. Therefore, database queries may be performed during view rendering. Explicitly configure spring.jpa.open-in-view to disable this warning
2026-03-07T15:32:52.775+05:30  INFO 23524 --- [phonepay] [           main] o.s.b.w.embedded.tomcat.TomcatWebServer  : Tomcat started on port 9091 (http) with context path '/'
2026-03-07T15:32:52.827+05:30  INFO 23524 --- [phonepay] [           main] c.example.phonepay.PhonePayApplication   : Started PhonePayApplication in 9.464 seconds (process running for 10.407)
